* This is the StructMobWeight report file that is output every time the server starts.
* 
* Spawn Balance Utility (SBU) will use this file ONLY if it is renamed to StructMobWeight.csv.
* Lines starting with '*' are comments and ignored
* It allows you to add and remove mobs and adjust their spawnweights for Structures
* like shipwrecks, nether fortresses, water monuments, etc.
* 
1, structory:abandoned_camp, HEADING, header:ignore, 0, 0, 0
2, structory:abandoned_chapel, HEADING, header:ignore, 0, 0, 0
3, dungeons_arise:abandoned_temple, HEADING, header:ignore, 0, 0, 0
4, dungeons_arise:abandoned_temple, MONSTER, minecraft:stray, 10, 1, 1
5, totw_modded:aether, HEADING, header:ignore, 0, 0, 0
6, minecraft:ancient_city, HEADING, header:ignore, 0, 0, 0
7, cataclysm:ancient_factory, HEADING, header:ignore, 0, 0, 0
8, deeperdarker:ancient_temple, HEADING, header:ignore, 0, 0, 0
9, structory_towers:ancient_temple, HEADING, header:ignore, 0, 0, 0
10, endlessbiomes:arkan_bulwark, HEADING, header:ignore, 0, 0, 0
11, dungeons_arise:aviary, HEADING, header:ignore, 0, 0, 0
12, dungeons_arise:aviary, MONSTER, minecraft:phantom, 60, 2, 3
13, totw_modded:badlands, HEADING, header:ignore, 0, 0, 0
14, nova_structures:badlands_miner_outpost, HEADING, header:ignore, 0, 0, 0
15, explorify:badlands_pyramid, HEADING, header:ignore, 0, 0, 0
16, formationsoverworld:bamboo_hut, HEADING, header:ignore, 0, 0, 0
17, dungeons_arise:bandit_towers, HEADING, header:ignore, 0, 0, 0
18, dungeons_arise:bandit_village, HEADING, header:ignore, 0, 0, 0
19, formationsnether:basalt_hut, HEADING, header:ignore, 0, 0, 0
20, takesapillage:bastille, HEADING, header:ignore, 0, 0, 0
21, minecraft:bastion_remnant, HEADING, header:ignore, 0, 0, 0
22, dungeons_arise:bathhouse, HEADING, header:ignore, 0, 0, 0
23, hexalia:bayou_hut, HEADING, header:ignore, 0, 0, 0
24, explorify:black_spiral, HEADING, header:ignore, 0, 0, 0
25, formationsnether:blackstone_castle, HEADING, header:ignore, 0, 0, 0
26, formationsnether:blackstone_remnant, HEADING, header:ignore, 0, 0, 0
27, structory:boat, HEADING, header:ignore, 0, 0, 0
28, deep_aether:brass_dungeon, HEADING, header:ignore, 0, 0, 0
29, aether:bronze_dungeon, HEADING, header:ignore, 0, 0, 0
30, nova_structures:bunker, HEADING, header:ignore, 0, 0, 0
31, minecraft:buried_treasure, HEADING, header:ignore, 0, 0, 0
32, cataclysm:burning_arena, HEADING, header:ignore, 0, 0, 0
33, explorations:campsite, HEADING, header:ignore, 0, 0, 0
34, explorify:campsite, HEADING, header:ignore, 0, 0, 0
35, formationsnether:campsite, HEADING, header:ignore, 0, 0, 0
36, formationsoverworld:campsite, HEADING, header:ignore, 0, 0, 0
37, undergarden:catacombs, HEADING, header:ignore, 0, 0, 0
38, undergarden:catacombs, MONSTER, undergarden:forgotten, 10, 1, 1
39, dungeons_arise:ceryneian_hind, HEADING, header:ignore, 0, 0, 0
40, formationsnether:checkerboard_temple, HEADING, header:ignore, 0, 0, 0
41, dungeons_arise:coliseum, HEADING, header:ignore, 0, 0, 0
42, nova_structures:conduit_ruin, HEADING, header:ignore, 0, 0, 0
43, nova_structures:conduit_ruin, MONSTER, minecraft:guardian, 10, 1, 1
44, nova_structures:conduit_ruin, MONSTER, minecraft:drowned, 10, 1, 2
45, formationsoverworld:copper_spire, HEADING, header:ignore, 0, 0, 0
46, nova_structures:creeping_crypt, HEADING, header:ignore, 0, 0, 0
47, hearths:crimson_tower, HEADING, header:ignore, 0, 0, 0
48, hearths:crimson_tower, MONSTER, minecraft:blaze, 10, 1, 2
49, hearths:crimson_tower, MONSTER, minecraft:piglin, 10, 3, 5
50, hearths:crimson_tower, MONSTER, minecraft:magma_cube, 10, 4, 4
51, cataclysm:cursed_pyramid, HEADING, header:ignore, 0, 0, 0
52, explorify:dark_forest_settlement, HEADING, header:ignore, 0, 0, 0
53, structory:dense_forest_ruin, HEADING, header:ignore, 0, 0, 0
54, totw_modded:derelict, HEADING, header:ignore, 0, 0, 0
55, totw_modded:derelict_grass, HEADING, header:ignore, 0, 0, 0
56, totw_modded:desert, HEADING, header:ignore, 0, 0, 0
57, formationsoverworld:desert_houses, HEADING, header:ignore, 0, 0, 0
58, minecraft:desert_pyramid, HEADING, header:ignore, 0, 0, 0
59, explorations:desert_ruin, HEADING, header:ignore, 0, 0, 0
60, nova_structures:desert_ruins, HEADING, header:ignore, 0, 0, 0
61, explorify:desert_shrine, HEADING, header:ignore, 0, 0, 0
62, betterdeserttemples:desert_temple, HEADING, header:ignore, 0, 0, 0
63, betterdeserttemples:desert_temple, MONSTER, minecraft:husk, 80, 10, 32
64, betterdeserttemples:desert_temple, CREATURE, minecraft:cat, 80, 4, 4
65, betterdeserttemples:desert_temple, CREATURE, minecraft:rabbit, 80, 4, 4
66, nova_structures:donjon, HEADING, header:ignore, 0, 0, 0
67, totw_modded:end, HEADING, header:ignore, 0, 0, 0
68, structory_towers:end/end_tower, HEADING, header:ignore, 0, 0, 0
69, minecraft:end_city, HEADING, header:ignore, 0, 0, 0
70, explorify:end_shipwreck, HEADING, header:ignore, 0, 0, 0
71, structory_towers:engineer_tower, HEADING, header:ignore, 0, 0, 0
72, totw_modded:everbright, HEADING, header:ignore, 0, 0, 0
73, blue_skies:everbright_blinding_dungeon, HEADING, header:ignore, 0, 0, 0
74, totw_modded:everdawn, HEADING, header:ignore, 0, 0, 0
75, blue_skies:everdawn_blinding_dungeon, HEADING, header:ignore, 0, 0, 0
76, towns_and_towers:exclusives/pillager_outpost_classic, HEADING, header:ignore, 0, 0, 0
77, towns_and_towers:exclusives/pillager_outpost_classic, MONSTER, minecraft:pillager, 10, 1, 2
78, towns_and_towers:exclusives/pillager_outpost_iberian, HEADING, header:ignore, 0, 0, 0
79, towns_and_towers:exclusives/pillager_outpost_iberian, MONSTER, minecraft:pillager, 10, 1, 2
80, towns_and_towers:exclusives/pillager_outpost_mediterranean, HEADING, header:ignore, 0, 0, 0
81, towns_and_towers:exclusives/pillager_outpost_mediterranean, MONSTER, minecraft:pillager, 10, 1, 2
82, towns_and_towers:exclusives/pillager_outpost_oriental, HEADING, header:ignore, 0, 0, 0
83, towns_and_towers:exclusives/pillager_outpost_oriental, MONSTER, minecraft:pillager, 10, 1, 2
84, towns_and_towers:exclusives/pillager_outpost_rustic, HEADING, header:ignore, 0, 0, 0
85, towns_and_towers:exclusives/pillager_outpost_rustic, MONSTER, minecraft:pillager, 10, 1, 2
86, towns_and_towers:exclusives/pillager_outpost_swedish, HEADING, header:ignore, 0, 0, 0
87, towns_and_towers:exclusives/pillager_outpost_swedish, MONSTER, minecraft:pillager, 10, 1, 2
88, towns_and_towers:exclusives/pillager_outpost_tudor, HEADING, header:ignore, 0, 0, 0
89, towns_and_towers:exclusives/pillager_outpost_tudor, MONSTER, minecraft:pillager, 10, 1, 2
90, towns_and_towers:exclusives/village_classic, HEADING, header:ignore, 0, 0, 0
91, towns_and_towers:exclusives/village_iberian, HEADING, header:ignore, 0, 0, 0
92, towns_and_towers:exclusives/village_mediterranean, HEADING, header:ignore, 0, 0, 0
93, towns_and_towers:exclusives/village_nilotic, HEADING, header:ignore, 0, 0, 0
94, towns_and_towers:exclusives/village_piglin, HEADING, header:ignore, 0, 0, 0
95, towns_and_towers:exclusives/village_piglin, MONSTER, minecraft:piglin, 10, 6, 8
96, towns_and_towers:exclusives/village_piglin, MONSTER, minecraft:piglin_brute, 10, 2, 3
97, towns_and_towers:exclusives/village_rustic, HEADING, header:ignore, 0, 0, 0
98, towns_and_towers:exclusives/village_swedish, HEADING, header:ignore, 0, 0, 0
99, towns_and_towers:exclusives/village_tudor, HEADING, header:ignore, 0, 0, 0
100, towns_and_towers:exclusives/village_wandering_trader_camp, HEADING, header:ignore, 0, 0, 0
101, structory_towers:farmer_outpost, HEADING, header:ignore, 0, 0, 0
102, formationsoverworld:farmland_field, HEADING, header:ignore, 0, 0, 0
103, explorify:farmstead, HEADING, header:ignore, 0, 0, 0
104, illagerinvasion:firecaller_hut, HEADING, header:ignore, 0, 0, 0
105, structory:firetower, HEADING, header:ignore, 0, 0, 0
106, nova_structures:firewatch_tower_birch, HEADING, header:ignore, 0, 0, 0
107, nova_structures:firewatch_tower_cherry, HEADING, header:ignore, 0, 0, 0
108, nova_structures:firewatch_tower_dark_oak, HEADING, header:ignore, 0, 0, 0
109, nova_structures:firewatch_tower_forest, HEADING, header:ignore, 0, 0, 0
110, nova_structures:firewatch_tower_jungle, HEADING, header:ignore, 0, 0, 0
111, nova_structures:firewatch_tower_mangrove, HEADING, header:ignore, 0, 0, 0
112, nova_structures:firewatch_tower_savanna, HEADING, header:ignore, 0, 0, 0
113, nova_structures:firewatch_tower_swamp, HEADING, header:ignore, 0, 0, 0
114, nova_structures:firewatch_tower_taiga, HEADING, header:ignore, 0, 0, 0
115, tide:fishing_boat, HEADING, header:ignore, 0, 0, 0
116, dungeons_arise:fishing_hut, HEADING, header:ignore, 0, 0, 0
117, formationsnether:flaming_pillar, HEADING, header:ignore, 0, 0, 0
118, explorations:floating_island, HEADING, header:ignore, 0, 0, 0
119, structory_towers:foraging_outpost, HEADING, header:ignore, 0, 0, 0
120, undergarden:forgotten_vestige, HEADING, header:ignore, 0, 0, 0
121, explorations:forgotten_well, HEADING, header:ignore, 0, 0, 0
122, betterfortresses:fortress, HEADING, header:ignore, 0, 0, 0
123, betterfortresses:fortress, MONSTER, minecraft:blaze, 10, 2, 3
124, betterfortresses:fortress, MONSTER, minecraft:zombified_piglin, 10, 4, 4
125, betterfortresses:fortress, MONSTER, minecraft:wither_skeleton, 10, 5, 5
126, betterfortresses:fortress, MONSTER, minecraft:skeleton, 10, 5, 5
127, betterfortresses:fortress, MONSTER, minecraft:magma_cube, 10, 4, 4
128, minecraft:fortress, HEADING, header:ignore, 0, 0, 0
129, minecraft:fortress, MONSTER, minecraft:blaze, 10, 2, 3
130, minecraft:fortress, MONSTER, minecraft:zombified_piglin, 10, 4, 4
131, minecraft:fortress, MONSTER, minecraft:wither_skeleton, 10, 5, 5
132, minecraft:fortress, MONSTER, minecraft:skeleton, 10, 5, 5
133, minecraft:fortress, MONSTER, minecraft:magma_cube, 10, 4, 4
134, minecraft:fortress, MONSTER, cataclysm:ignited_berserker, 10, 1, 1
135, dungeons_arise:foundry, HEADING, header:ignore, 0, 0, 0
136, formationsoverworld:fountain, HEADING, header:ignore, 0, 0, 0
137, cataclysm:frosted_prison, HEADING, header:ignore, 0, 0, 0
138, blue_skies:frozen_bunker, HEADING, header:ignore, 0, 0, 0
139, blue_skies:gatekeeper_house_mountain, HEADING, header:ignore, 0, 0, 0
140, blue_skies:gatekeeper_house_plains, HEADING, header:ignore, 0, 0, 0
141, blue_skies:gatekeeper_house_snowy, HEADING, header:ignore, 0, 0, 0
142, bosses_of_mass_destruction:gauntlet_arena, HEADING, header:ignore, 0, 0, 0
143, dungeons_arise:giant_mushroom, HEADING, header:ignore, 0, 0, 0
144, totw_modded:glacio, HEADING, header:ignore, 0, 0, 0
145, aether:gold_dungeon, HEADING, header:ignore, 0, 0, 0
146, iceandfire:gorgon_temple, HEADING, header:ignore, 0, 0, 0
147, formationsoverworld:graveyard, HEADING, header:ignore, 0, 0, 0
148, iceandfire:graveyard, HEADING, header:ignore, 0, 0, 0
149, structory:graveyard, HEADING, header:ignore, 0, 0, 0
150, structory_towers:great_toadstool, HEADING, header:ignore, 0, 0, 0
151, dungeons_arise:greenwood_pub, HEADING, header:ignore, 0, 0, 0
152, ars_nouveau:guardian_wilden_den, HEADING, header:ignore, 0, 0, 0
153, ars_nouveau:guardian_wilden_den, MONSTER, ars_nouveau:wilden_guardian, 10, 1, 3
154, explorify:guide_post_cold, HEADING, header:ignore, 0, 0, 0
155, explorify:guide_post_warm, HEADING, header:ignore, 0, 0, 0
156, nova_structures:hamlet, HEADING, header:ignore, 0, 0, 0
157, dungeons_arise:heavenly_challenger, HEADING, header:ignore, 0, 0, 0
158, dungeons_arise:heavenly_conqueror, HEADING, header:ignore, 0, 0, 0
159, dungeons_arise:heavenly_rider, HEADING, header:ignore, 0, 0, 0
160, formationsoverworld:hobbit_hole, HEADING, header:ignore, 0, 0, 0
161, ars_nouveau:hunter_wilden_den, HEADING, header:ignore, 0, 0, 0
162, ars_nouveau:hunter_wilden_den, MONSTER, ars_nouveau:wilden_hunter, 10, 3, 3
163, totw_modded:ice, HEADING, header:ignore, 0, 0, 0
164, aquamirae:ice_maze/arch, HEADING, header:ignore, 0, 0, 0
165, aquamirae:ice_maze/arch, MONSTER, aquamirae:maw, 50, 1, 2
166, aquamirae:ice_maze/arch, AMBIENT, aquamirae:golden_moth, 10, 1, 2
167, aquamirae:ice_maze/common, HEADING, header:ignore, 0, 0, 0
168, aquamirae:ice_maze/common, MONSTER, aquamirae:maw, 50, 1, 2
169, aquamirae:ice_maze/spiral, HEADING, header:ignore, 0, 0, 0
170, aquamirae:ice_maze/spiral, MONSTER, aquamirae:maw, 50, 2, 6
171, minecraft:igloo, HEADING, header:ignore, 0, 0, 0
172, nova_structures:illager_camp, HEADING, header:ignore, 0, 0, 0
173, dungeons_arise:illager_campsite, HEADING, header:ignore, 0, 0, 0
174, dungeons_arise:illager_corsair, HEADING, header:ignore, 0, 0, 0
175, dungeons_arise:illager_fort, HEADING, header:ignore, 0, 0, 0
176, illagerinvasion:illager_fort, HEADING, header:ignore, 0, 0, 0
177, illagerinvasion:illager_fort, MONSTER, minecraft:pillager, 10, 1, 1
178, illagerinvasion:illager_fort, MONSTER, illagerinvasion:marauder, 10, 1, 1
179, illagerinvasion:illager_fort, MONSTER, illagerinvasion:basher, 10, 1, 1
180, illagerinvasion:illager_fort, MONSTER, illagerinvasion:provoker, 10, 1, 1
181, dungeons_arise:illager_galley, HEADING, header:ignore, 0, 0, 0
182, nova_structures:illager_hideout, HEADING, header:ignore, 0, 0, 0
183, nova_structures:illager_manor, HEADING, header:ignore, 0, 0, 0
184, dungeons_arise:illager_windmill, HEADING, header:ignore, 0, 0, 0
185, illagerinvasion:illusioner_tower, HEADING, header:ignore, 0, 0, 0
186, dungeons_arise:infested_temple, HEADING, header:ignore, 0, 0, 0
187, totw_modded:jungle, HEADING, header:ignore, 0, 0, 0
188, minecraft:jungle_pyramid, HEADING, header:ignore, 0, 0, 0
189, structory:jungle_ruin, HEADING, header:ignore, 0, 0, 0
190, structory:jungle_ruin, MONSTER, minecraft:creeper, 10, 4, 4
191, nova_structures:jungle_ruins, HEADING, header:ignore, 0, 0, 0
192, betterjungletemples:jungle_temple, HEADING, header:ignore, 0, 0, 0
193, explorations:jungle_temple, HEADING, header:ignore, 0, 0, 0
194, dungeons_arise:jungle_tree_house, HEADING, header:ignore, 0, 0, 0
195, dungeons_arise:keep_kayra, HEADING, header:ignore, 0, 0, 0
196, illagerinvasion:labyrinth, HEADING, header:ignore, 0, 0, 0
197, aether:large_aercloud, HEADING, header:ignore, 0, 0, 0
198, formationsnether:large_house, HEADING, header:ignore, 0, 0, 0
199, explorations:large_oak_tree, HEADING, header:ignore, 0, 0, 0
200, formationsnether:large_pedestal, HEADING, header:ignore, 0, 0, 0
201, formationsoverworld:large_temple, HEADING, header:ignore, 0, 0, 0
202, formationsnether:large_tree, HEADING, header:ignore, 0, 0, 0
203, bosses_of_mass_destruction:lich_tower, HEADING, header:ignore, 0, 0, 0
204, dungeons_arise:lighthouse, HEADING, header:ignore, 0, 0, 0
205, structory_towers:lighthouse, HEADING, header:ignore, 0, 0, 0
206, formationsoverworld:log_shelter, HEADING, header:ignore, 0, 0, 0
207, formationsoverworld:log_spikes, HEADING, header:ignore, 0, 0, 0
208, explorations:logs, HEADING, header:ignore, 0, 0, 0
209, explorify:mangrove_hut, HEADING, header:ignore, 0, 0, 0
210, nova_structures:mangrove_witch_hut, HEADING, header:ignore, 0, 0, 0
211, nova_structures:mangrove_witch_hut, MONSTER, minecraft:witch, 10, 1, 1
212, nova_structures:mangrove_witch_hut, CREATURE, minecraft:cat, 10, 1, 1
213, minecraft:mansion, HEADING, header:ignore, 0, 0, 0
214, totw_modded:mars, HEADING, header:ignore, 0, 0, 0
215, explorify:mausoleum, HEADING, header:ignore, 0, 0, 0
216, iceandfire:mausoleum, HEADING, header:ignore, 0, 0, 0
217, dungeons_arise:mechanical_nest, HEADING, header:ignore, 0, 0, 0
218, dungeons_arise:merchant_campsite, HEADING, header:ignore, 0, 0, 0
219, totw_modded:mercury, HEADING, header:ignore, 0, 0, 0
220, formationsoverworld:mesoamerican_temple, HEADING, header:ignore, 0, 0, 0
221, formationsoverworld:meteor, HEADING, header:ignore, 0, 0, 0
222, towns_and_towers:mimic_desert, HEADING, header:ignore, 0, 0, 0
223, minecraft:mineshaft, HEADING, header:ignore, 0, 0, 0
224, bettermineshafts:mineshaft_acacia, HEADING, header:ignore, 0, 0, 0
225, bettermineshafts:mineshaft_desert, HEADING, header:ignore, 0, 0, 0
226, bettermineshafts:mineshaft_dripstone, HEADING, header:ignore, 0, 0, 0
227, bettermineshafts:mineshaft_ice, HEADING, header:ignore, 0, 0, 0
228, bettermineshafts:mineshaft_jungle, HEADING, header:ignore, 0, 0, 0
229, bettermineshafts:mineshaft_lush, HEADING, header:ignore, 0, 0, 0
230, bettermineshafts:mineshaft_mesa, HEADING, header:ignore, 0, 0, 0
231, minecraft:mineshaft_mesa, HEADING, header:ignore, 0, 0, 0
232, bettermineshafts:mineshaft_mushroom, HEADING, header:ignore, 0, 0, 0
233, bettermineshafts:mineshaft_oak, HEADING, header:ignore, 0, 0, 0
234, bettermineshafts:mineshaft_overgrown, HEADING, header:ignore, 0, 0, 0
235, bettermineshafts:mineshaft_red_desert, HEADING, header:ignore, 0, 0, 0
236, bettermineshafts:mineshaft_spruce, HEADING, header:ignore, 0, 0, 0
237, bettermineshafts:mineshaft_spruce_snowy, HEADING, header:ignore, 0, 0, 0
238, dungeons_arise:mining_system, HEADING, header:ignore, 0, 0, 0
239, structory_towers:mirage_outpost, HEADING, header:ignore, 0, 0, 0
240, dungeons_arise:monastery, HEADING, header:ignore, 0, 0, 0
241, minecraft:monument, HEADING, header:ignore, 0, 0, 0
242, minecraft:monument, MONSTER, minecraft:guardian, 10, 2, 4
243, totw_modded:moon, HEADING, header:ignore, 0, 0, 0
244, dungeons_arise:mushroom_house, HEADING, header:ignore, 0, 0, 0
245, dungeons_arise:mushroom_mines, HEADING, header:ignore, 0, 0, 0
246, dungeons_arise:mushroom_village, HEADING, header:ignore, 0, 0, 0
247, blue_skies:nature_dungeon, HEADING, header:ignore, 0, 0, 0
248, blue_skies:nature_dungeon, MONSTER, blue_skies:stonelet, 10, 1, 1
249, blue_skies:nature_dungeon, MONSTER, blue_skies:spewter, 10, 1, 1
250, totw_modded:nether, HEADING, header:ignore, 0, 0, 0
251, structory_towers:nether/fortress_tower, HEADING, header:ignore, 0, 0, 0
252, structory_towers:nether/strange_outpost, HEADING, header:ignore, 0, 0, 0
253, structory_towers:nether/warped_outpost, HEADING, header:ignore, 0, 0, 0
254, minecraft:nether_fossil, HEADING, header:ignore, 0, 0, 0
255, nova_structures:nether_keep, HEADING, header:ignore, 0, 0, 0
256, nova_structures:nether_keep, MONSTER, minecraft:blaze, 10, 2, 3
257, nova_structures:nether_keep, MONSTER, minecraft:zombified_piglin, 10, 4, 4
258, nova_structures:nether_keep, MONSTER, minecraft:wither_skeleton, 10, 5, 5
259, nova_structures:nether_keep, MONSTER, minecraft:skeleton, 10, 5, 5
260, nova_structures:nether_keep, MONSTER, minecraft:magma_cube, 10, 4, 4
261, nova_structures:nether_port, HEADING, header:ignore, 0, 0, 0
262, nova_structures:nether_port, MONSTER, minecraft:blaze, 10, 1, 2
263, nova_structures:nether_port, MONSTER, minecraft:zombified_piglin, 10, 1, 2
264, nova_structures:nether_port, MONSTER, minecraft:wither_skeleton, 10, 1, 3
265, nova_structures:nether_port, MONSTER, minecraft:skeleton, 10, 1, 5
266, nova_structures:nether_port, MONSTER, minecraft:magma_cube, 10, 1, 2
267, nova_structures:nether_skeleton_tower_basalt, HEADING, header:ignore, 0, 0, 0
268, nova_structures:nether_skeleton_tower_crimson, HEADING, header:ignore, 0, 0, 0
269, nova_structures:nether_skeleton_tower_soul, HEADING, header:ignore, 0, 0, 0
270, nova_structures:nether_skeleton_tower_warped, HEADING, header:ignore, 0, 0, 0
271, formationsnether:nether_wart_field, HEADING, header:ignore, 0, 0, 0
272, hearths:netherrack_spiral, HEADING, header:ignore, 0, 0, 0
273, structory_towers:nomad_outpost, HEADING, header:ignore, 0, 0, 0
274, structory:northern_ruin, HEADING, header:ignore, 0, 0, 0
275, formationsnether:obsidian_pillar, HEADING, header:ignore, 0, 0, 0
276, bosses_of_mass_destruction:obsidilith_arena, HEADING, header:ignore, 0, 0, 0
277, totw_modded:ocean, HEADING, header:ignore, 0, 0, 0
278, betteroceanmonuments:ocean_monument, HEADING, header:ignore, 0, 0, 0
279, betteroceanmonuments:ocean_monument, MONSTER, minecraft:guardian, 10, 2, 4
280, structory_towers:ocean_pillar, HEADING, header:ignore, 0, 0, 0
281, minecraft:ocean_ruin_cold, HEADING, header:ignore, 0, 0, 0
282, minecraft:ocean_ruin_warm, HEADING, header:ignore, 0, 0, 0
283, totw_modded:ocean_warm, HEADING, header:ignore, 0, 0, 0
284, formationsoverworld:offering, HEADING, header:ignore, 0, 0, 0
285, structory:old_manor, HEADING, header:ignore, 0, 0, 0
286, formationsnether:ore_shard, HEADING, header:ignore, 0, 0, 0
287, structory:outcast_villager_desert, HEADING, header:ignore, 0, 0, 0
288, structory:outcast_villager_grassy, HEADING, header:ignore, 0, 0, 0
289, aquamirae:outpost, HEADING, header:ignore, 0, 0, 0
290, aquamirae:outpost, MONSTER, minecraft:pillager, 10, 1, 2
291, aquamirae:outpost, MONSTER, minecraft:vindicator, 10, 1, 1
292, structory_towers:overgrown_mangrove, HEADING, header:ignore, 0, 0, 0
293, formationsnether:parkour_challenge, HEADING, header:ignore, 0, 0, 0
294, nova_structures:piglin_camp, HEADING, header:ignore, 0, 0, 0
295, nova_structures:piglin_outstation, HEADING, header:ignore, 0, 0, 0
296, nova_structures:piglin_outstation, MONSTER, minecraft:piglin, 10, 1, 1
297, takesapillage:pillager_camp, HEADING, header:ignore, 0, 0, 0
298, structory_towers:pillager_lookout, HEADING, header:ignore, 0, 0, 0
299, structory_towers:pillager_lookout, MONSTER, minecraft:pillager, 10, 1, 1
300, minecraft:pillager_outpost, HEADING, header:ignore, 0, 0, 0
301, minecraft:pillager_outpost, MONSTER, minecraft:pillager, 10, 1, 1
302, towns_and_towers:pillager_outpost_badlands, HEADING, header:ignore, 0, 0, 0
303, towns_and_towers:pillager_outpost_badlands, MONSTER, minecraft:pillager, 10, 1, 2
304, towns_and_towers:pillager_outpost_beach, HEADING, header:ignore, 0, 0, 0
305, towns_and_towers:pillager_outpost_beach, MONSTER, minecraft:pillager, 10, 1, 2
306, towns_and_towers:pillager_outpost_birch_forest, HEADING, header:ignore, 0, 0, 0
307, towns_and_towers:pillager_outpost_birch_forest, MONSTER, minecraft:pillager, 10, 1, 2
308, towns_and_towers:pillager_outpost_desert, HEADING, header:ignore, 0, 0, 0
309, towns_and_towers:pillager_outpost_desert, MONSTER, minecraft:pillager, 10, 1, 2
310, towns_and_towers:pillager_outpost_flower_forest, HEADING, header:ignore, 0, 0, 0
311, towns_and_towers:pillager_outpost_flower_forest, MONSTER, minecraft:pillager, 10, 1, 2
312, towns_and_towers:pillager_outpost_forest, HEADING, header:ignore, 0, 0, 0
313, towns_and_towers:pillager_outpost_forest, MONSTER, minecraft:pillager, 10, 1, 2
314, towns_and_towers:pillager_outpost_grove, HEADING, header:ignore, 0, 0, 0
315, towns_and_towers:pillager_outpost_grove, MONSTER, minecraft:pillager, 10, 1, 2
316, towns_and_towers:pillager_outpost_jungle, HEADING, header:ignore, 0, 0, 0
317, towns_and_towers:pillager_outpost_jungle, MONSTER, minecraft:pillager, 10, 1, 2
318, towns_and_towers:pillager_outpost_meadow, HEADING, header:ignore, 0, 0, 0
319, towns_and_towers:pillager_outpost_meadow, MONSTER, minecraft:pillager, 10, 1, 2
320, towns_and_towers:pillager_outpost_mushroom_fields, HEADING, header:ignore, 0, 0, 0
321, towns_and_towers:pillager_outpost_ocean, HEADING, header:ignore, 0, 0, 0
322, towns_and_towers:pillager_outpost_ocean, MONSTER, minecraft:pillager, 10, 1, 2
323, towns_and_towers:pillager_outpost_old_growth_taiga, HEADING, header:ignore, 0, 0, 0
324, towns_and_towers:pillager_outpost_old_growth_taiga, MONSTER, minecraft:pillager, 10, 1, 2
325, towns_and_towers:pillager_outpost_savanna, HEADING, header:ignore, 0, 0, 0
326, towns_and_towers:pillager_outpost_savanna, MONSTER, minecraft:pillager, 10, 1, 2
327, towns_and_towers:pillager_outpost_savanna_plateau, HEADING, header:ignore, 0, 0, 0
328, towns_and_towers:pillager_outpost_savanna_plateau, MONSTER, minecraft:pillager, 10, 1, 2
329, towns_and_towers:pillager_outpost_snowy_beach, HEADING, header:ignore, 0, 0, 0
330, towns_and_towers:pillager_outpost_snowy_beach, MONSTER, minecraft:pillager, 10, 1, 2
331, towns_and_towers:pillager_outpost_snowy_plains, HEADING, header:ignore, 0, 0, 0
332, towns_and_towers:pillager_outpost_snowy_plains, MONSTER, minecraft:pillager, 10, 1, 2
333, towns_and_towers:pillager_outpost_snowy_slopes, HEADING, header:ignore, 0, 0, 0
334, towns_and_towers:pillager_outpost_snowy_slopes, MONSTER, minecraft:pillager, 10, 1, 2
335, towns_and_towers:pillager_outpost_snowy_taiga, HEADING, header:ignore, 0, 0, 0
336, towns_and_towers:pillager_outpost_snowy_taiga, MONSTER, minecraft:pillager, 10, 1, 2
337, towns_and_towers:pillager_outpost_sparse_jungle, HEADING, header:ignore, 0, 0, 0
338, towns_and_towers:pillager_outpost_sparse_jungle, MONSTER, minecraft:pillager, 10, 1, 2
339, towns_and_towers:pillager_outpost_sunflower_plains, HEADING, header:ignore, 0, 0, 0
340, towns_and_towers:pillager_outpost_sunflower_plains, MONSTER, minecraft:pillager, 10, 1, 2
341, towns_and_towers:pillager_outpost_swamp, HEADING, header:ignore, 0, 0, 0
342, towns_and_towers:pillager_outpost_swamp, MONSTER, minecraft:pillager, 10, 1, 2
343, towns_and_towers:pillager_outpost_taiga, HEADING, header:ignore, 0, 0, 0
344, towns_and_towers:pillager_outpost_taiga, MONSTER, minecraft:pillager, 10, 1, 2
345, towns_and_towers:pillager_outpost_wooded_badlands, HEADING, header:ignore, 0, 0, 0
346, towns_and_towers:pillager_outpost_wooded_badlands, MONSTER, minecraft:pillager, 10, 1, 2
347, galosphere:pink_salt_shrine, HEADING, header:ignore, 0, 0, 0
348, dungeons_arise:plague_asylum, HEADING, header:ignore, 0, 0, 0
349, lost_aether_content:platinum_dungeon, HEADING, header:ignore, 0, 0, 0
350, blue_skies:poison_dungeon, HEADING, header:ignore, 0, 0, 0
351, blue_skies:poison_dungeon, MONSTER, minecraft:cave_spider, 10, 1, 1
352, blue_skies:poison_dungeon, MONSTER, blue_skies:venom_spider, 10, 1, 1
353, eldritch_end:primordial_tree_big, HEADING, header:ignore, 0, 0, 0
354, structory_towers:quarter_outpost, HEADING, header:ignore, 0, 0, 0
355, formationsnether:quartz_spikes, HEADING, header:ignore, 0, 0, 0
356, formationsoverworld:raft, HEADING, header:ignore, 0, 0, 0
357, totw_modded:ratlantis, HEADING, header:ignore, 0, 0, 0
358, totw_modded:regular, HEADING, header:ignore, 0, 0, 0
359, endlessbiomes:resitive_bulwark, HEADING, header:ignore, 0, 0, 0
360, formationsnether:respawn_anchor_altar, HEADING, header:ignore, 0, 0, 0
361, formationsnether:rib_cage, HEADING, header:ignore, 0, 0, 0
362, structory:ruin_grassy, HEADING, header:ignore, 0, 0, 0
363, nova_structures:ruin_town, HEADING, header:ignore, 0, 0, 0
364, cataclysm:ruined_citadel, HEADING, header:ignore, 0, 0, 0
365, cataclysm:ruined_citadel, MONSTER, cataclysm:endermaptera, 10, 1, 1
366, minecraft:ruined_portal, HEADING, header:ignore, 0, 0, 0
367, minecraft:ruined_portal_desert, HEADING, header:ignore, 0, 0, 0
368, minecraft:ruined_portal_jungle, HEADING, header:ignore, 0, 0, 0
369, minecraft:ruined_portal_mountain, HEADING, header:ignore, 0, 0, 0
370, minecraft:ruined_portal_nether, HEADING, header:ignore, 0, 0, 0
371, minecraft:ruined_portal_ocean, HEADING, header:ignore, 0, 0, 0
372, minecraft:ruined_portal_swamp, HEADING, header:ignore, 0, 0, 0
373, explorify:ruins, HEADING, header:ignore, 0, 0, 0
374, structory_towers:sacred_relic_temple, HEADING, header:ignore, 0, 0, 0
375, hexalia:salt_oasis, HEADING, header:ignore, 0, 0, 0
376, additionalstructures:scarecrow, HEADING, header:ignore, 0, 0, 0
377, dungeons_arise:scorched_mines, HEADING, header:ignore, 0, 0, 0
378, aquamirae:shelter, HEADING, header:ignore, 0, 0, 0
379, aquamirae:ship, HEADING, header:ignore, 0, 0, 0
380, aquamirae:ship, MONSTER, minecraft:pillager, 10, 1, 2
381, aquamirae:ship, MONSTER, minecraft:vindicator, 10, 1, 1
382, minecraft:shipwreck, HEADING, header:ignore, 0, 0, 0
383, minecraft:shipwreck_beached, HEADING, header:ignore, 0, 0, 0
384, dungeons_arise:shiraz_palace, HEADING, header:ignore, 0, 0, 0
385, explorations:shrine, HEADING, header:ignore, 0, 0, 0
386, aether:silver_dungeon, HEADING, header:ignore, 0, 0, 0
387, nova_structures:skeleton_camp_crimson, HEADING, header:ignore, 0, 0, 0
388, nova_structures:skeleton_camp_soul, HEADING, header:ignore, 0, 0, 0
389, nova_structures:skeleton_camp_warped, HEADING, header:ignore, 0, 0, 0
390, nova_structures:skeleton_camp_waste, HEADING, header:ignore, 0, 0, 0
391, betterdungeons:skeleton_dungeon, HEADING, header:ignore, 0, 0, 0
392, betterdungeons:skeleton_dungeon, MONSTER, minecraft:skeleton, 80, 4, 15
393, skyvillages:skyvillage, HEADING, header:ignore, 0, 0, 0
394, explorations:slime_cave, HEADING, header:ignore, 0, 0, 0
395, dungeons_arise:small_blimp, HEADING, header:ignore, 0, 0, 0
396, betterdungeons:small_dungeon, HEADING, header:ignore, 0, 0, 0
397, formationsnether:small_fire_arena, HEADING, header:ignore, 0, 0, 0
398, structory_towers:small_firetower, HEADING, header:ignore, 0, 0, 0
399, formationsoverworld:small_house, HEADING, header:ignore, 0, 0, 0
400, formationsnether:small_lava_arena, HEADING, header:ignore, 0, 0, 0
401, formationsnether:small_lava_shrine, HEADING, header:ignore, 0, 0, 0
402, betterdungeons:small_nether_dungeon, HEADING, header:ignore, 0, 0, 0
403, formationsnether:small_pedestal, HEADING, header:ignore, 0, 0, 0
404, dungeons_arise:small_prairie_house, HEADING, header:ignore, 0, 0, 0
405, formationsoverworld:small_statue, HEADING, header:ignore, 0, 0, 0
406, formationsoverworld:small_temple, HEADING, header:ignore, 0, 0, 0
407, illagerinvasion:sorcerer_hut, HEADING, header:ignore, 0, 0, 0
408, cataclysm:soul_black_smith, HEADING, header:ignore, 0, 0, 0
409, formationsnether:sphere_cage, HEADING, header:ignore, 0, 0, 0
410, betterdungeons:spider_dungeon, HEADING, header:ignore, 0, 0, 0
411, betterdungeons:spider_dungeon, MONSTER, minecraft:spider, 80, 4, 15
412, betterdungeons:spider_dungeon, MONSTER, minecraft:cave_spider, 50, 4, 8
413, ars_nouveau:stalker_wilden_den, HEADING, header:ignore, 0, 0, 0
414, ars_nouveau:stalker_wilden_den, MONSTER, ars_nouveau:wilden_stalker, 10, 3, 3
415, formationsoverworld:stone_ore_spikes, HEADING, header:ignore, 0, 0, 0
416, formationsoverworld:stone_tower, HEADING, header:ignore, 0, 0, 0
417, nova_structures:stray_fort, HEADING, header:ignore, 0, 0, 0
418, nova_structures:stray_fort, MONSTER, minecraft:stray, 10, 1, 32
419, betterstrongholds:stronghold, HEADING, header:ignore, 0, 0, 0
420, minecraft:stronghold, HEADING, header:ignore, 0, 0, 0
421, cataclysm:sunken_city, HEADING, header:ignore, 0, 0, 0
422, explorify:supply_cache/birch, HEADING, header:ignore, 0, 0, 0
423, explorify:supply_cache/dark, HEADING, header:ignore, 0, 0, 0
424, explorify:supply_cache/desert, HEADING, header:ignore, 0, 0, 0
425, explorify:supply_cache/forest, HEADING, header:ignore, 0, 0, 0
426, explorify:supply_cache/jungle, HEADING, header:ignore, 0, 0, 0
427, explorify:supply_cache/mangrove, HEADING, header:ignore, 0, 0, 0
428, explorify:supply_cache/taiga, HEADING, header:ignore, 0, 0, 0
429, minecraft:swamp_hut, HEADING, header:ignore, 0, 0, 0
430, minecraft:swamp_hut, MONSTER, minecraft:witch, 10, 1, 1
431, minecraft:swamp_hut, CREATURE, minecraft:cat, 10, 1, 1
432, structory:swamp_ruin, HEADING, header:ignore, 0, 0, 0
433, structory_towers:taiga_outpost, HEADING, header:ignore, 0, 0, 0
434, structory_towers:taiga_outpost, MONSTER, minecraft:pillager, 10, 1, 1
435, structory:taiga_ruin_surface, HEADING, header:ignore, 0, 0, 0
436, structory:taiga_ruin_underground, HEADING, header:ignore, 0, 0, 0
437, explorify:tavern, HEADING, header:ignore, 0, 0, 0
438, nova_structures:tavern_acacia, HEADING, header:ignore, 0, 0, 0
439, nova_structures:tavern_birch, HEADING, header:ignore, 0, 0, 0
440, nova_structures:tavern_cherry, HEADING, header:ignore, 0, 0, 0
441, nova_structures:tavern_dark_oak, HEADING, header:ignore, 0, 0, 0
442, nova_structures:tavern_desert, HEADING, header:ignore, 0, 0, 0
443, nova_structures:tavern_jungle, HEADING, header:ignore, 0, 0, 0
444, nova_structures:tavern_mangrove, HEADING, header:ignore, 0, 0, 0
445, nova_structures:tavern_oak, HEADING, header:ignore, 0, 0, 0
446, nova_structures:tavern_snowy, HEADING, header:ignore, 0, 0, 0
447, nova_structures:tavern_spruce, HEADING, header:ignore, 0, 0, 0
448, nova_structures:tavern_swamp, HEADING, header:ignore, 0, 0, 0
449, dungeons_arise:thornborn_towers, HEADING, header:ignore, 0, 0, 0
450, formationsoverworld:tiny_house, HEADING, header:ignore, 0, 0, 0
451, formationsoverworld:tower_remnant, HEADING, header:ignore, 0, 0, 0
452, minecraft:trail_ruins, HEADING, header:ignore, 0, 0, 0
453, totw_modded:tw_canopy, HEADING, header:ignore, 0, 0, 0
454, totw_modded:tw_mangrove, HEADING, header:ignore, 0, 0, 0
455, dungeons_arise:typhon, HEADING, header:ignore, 0, 0, 0
456, nova_structures:undead_crypt, HEADING, header:ignore, 0, 0, 0
457, dungeons_arise:undead_pirate_ship, HEADING, header:ignore, 0, 0, 0
458, nova_structures:underground_house, HEADING, header:ignore, 0, 0, 0
459, explorations:underground_temple, HEADING, header:ignore, 0, 0, 0
460, explorations:underground_temple, MONSTER, minecraft:illusioner, 80, 4, 9
461, explorations:underground_temple, MONSTER, minecraft:pillager, 80, 4, 9
462, explorations:underground_temple, MONSTER, minecraft:vindicator, 80, 4, 9
463, totw_modded:venus, HEADING, header:ignore, 0, 0, 0
464, towns_and_towers:village_badlands, HEADING, header:ignore, 0, 0, 0
465, towns_and_towers:village_beach, HEADING, header:ignore, 0, 0, 0
466, towns_and_towers:village_birch_forest, HEADING, header:ignore, 0, 0, 0
467, blue_skies:village_brightlands, HEADING, header:ignore, 0, 0, 0
468, blue_skies:village_calming_skies, HEADING, header:ignore, 0, 0, 0
469, blue_skies:village_crystal_dunes, HEADING, header:ignore, 0, 0, 0
470, minecraft:village_desert, HEADING, header:ignore, 0, 0, 0
471, towns_and_towers:village_flower_forest, HEADING, header:ignore, 0, 0, 0
472, towns_and_towers:village_forest, HEADING, header:ignore, 0, 0, 0
473, towns_and_towers:village_grove, HEADING, header:ignore, 0, 0, 0
474, nova_structures:village_jungle, HEADING, header:ignore, 0, 0, 0
475, towns_and_towers:village_jungle, HEADING, header:ignore, 0, 0, 0
476, towns_and_towers:village_meadow, HEADING, header:ignore, 0, 0, 0
477, towns_and_towers:village_mushroom_fields, HEADING, header:ignore, 0, 0, 0
478, towns_and_towers:village_ocean, HEADING, header:ignore, 0, 0, 0
479, towns_and_towers:village_old_growth_taiga, HEADING, header:ignore, 0, 0, 0
480, minecraft:village_plains, HEADING, header:ignore, 0, 0, 0
481, minecraft:village_savanna, HEADING, header:ignore, 0, 0, 0
482, towns_and_towers:village_savanna_plateau, HEADING, header:ignore, 0, 0, 0
483, blue_skies:village_shaded_woodlands, HEADING, header:ignore, 0, 0, 0
484, blue_skies:village_slushlands, HEADING, header:ignore, 0, 0, 0
485, minecraft:village_snowy, HEADING, header:ignore, 0, 0, 0
486, towns_and_towers:village_snowy_slopes, HEADING, header:ignore, 0, 0, 0
487, towns_and_towers:village_snowy_taiga, HEADING, header:ignore, 0, 0, 0
488, towns_and_towers:village_sparse_jungle, HEADING, header:ignore, 0, 0, 0
489, towns_and_towers:village_sunflower_plains, HEADING, header:ignore, 0, 0, 0
490, blue_skies:village_sunset_maple_forest, HEADING, header:ignore, 0, 0, 0
491, nova_structures:village_swamp, HEADING, header:ignore, 0, 0, 0
492, towns_and_towers:village_swamp, HEADING, header:ignore, 0, 0, 0
493, minecraft:village_taiga, HEADING, header:ignore, 0, 0, 0
494, villagesandpillages:village_witch, HEADING, header:ignore, 0, 0, 0
495, villagesandpillages:village_witch, MONSTER, minecraft:witch, 10, 4, 8
496, villagesandpillages:village_witch, CREATURE, minecraft:cat, 10, 2, 4
497, towns_and_towers:village_wooded_badlands, HEADING, header:ignore, 0, 0, 0
498, bosses_of_mass_destruction:void_blossom, HEADING, header:ignore, 0, 0, 0
499, formationsoverworld:wagon, HEADING, header:ignore, 0, 0, 0
500, structory_towers:warped_greatsword, HEADING, header:ignore, 0, 0, 0
501, hearths:warped_tower, HEADING, header:ignore, 0, 0, 0
502, hearths:warped_tower, MONSTER, minecraft:enderman, 10, 1, 2
503, hearths:warped_tower, MONSTER, minecraft:piglin, 10, 3, 5
504, hearths:warped_tower, MONSTER, minecraft:magma_cube, 10, 4, 4
505, explorify:watchtower/plains, HEADING, header:ignore, 0, 0, 0
506, explorify:watchtower/savanna, HEADING, header:ignore, 0, 0, 0
507, explorify:watchtower/taiga, HEADING, header:ignore, 0, 0, 0
508, supplementaries:way_sign, HEADING, header:ignore, 0, 0, 0
509, formationsoverworld:well, HEADING, header:ignore, 0, 0, 0
510, nova_structures:well_birch, HEADING, header:ignore, 0, 0, 0
511, nova_structures:well_dark_oak, HEADING, header:ignore, 0, 0, 0
512, nova_structures:well_jungle, HEADING, header:ignore, 0, 0, 0
513, nova_structures:well_oak, HEADING, header:ignore, 0, 0, 0
514, nova_structures:well_savana, HEADING, header:ignore, 0, 0, 0
515, nova_structures:well_spruce, HEADING, header:ignore, 0, 0, 0
516, nova_structures:wild_ruin, HEADING, header:ignore, 0, 0, 0
517, dungeons_arise:wishing_well, HEADING, header:ignore, 0, 0, 0
518, betterwitchhuts:witch_circle, HEADING, header:ignore, 0, 0, 0
519, betterwitchhuts:witch_circle, MONSTER, minecraft:witch, 10, 1, 1
520, betterwitchhuts:witch_circle, CREATURE, minecraft:cat, 10, 1, 1
521, betterwitchhuts:witch_hut, HEADING, header:ignore, 0, 0, 0
522, betterwitchhuts:witch_hut, MONSTER, minecraft:witch, 10, 1, 1
523, betterwitchhuts:witch_hut, CREATURE, minecraft:cat, 10, 1, 1
524, formationsoverworld:witch_tower, HEADING, header:ignore, 0, 0, 0
525, nova_structures:witch_villa, HEADING, header:ignore, 0, 0, 0
526, structory_towers:wizard_tower, HEADING, header:ignore, 0, 0, 0
527, towns_and_towers:wreckage_ocean, HEADING, header:ignore, 0, 0, 0
528, betterdungeons:zombie_dungeon, HEADING, header:ignore, 0, 0, 0
529, betterdungeons:zombie_dungeon, MONSTER, minecraft:zombie, 80, 4, 15
